#
# A fatal error has been detected by the Java Runtime Environment:
#
#  SIGSEGV (0xb) at pc=0x000000010993325c, pid=15196, tid=20227
#
# JRE version: Java(TM) SE Runtime Environment (7.0_55-b13) (build 1.7.0_55-b13)
# Java VM: Java HotSpot(TM) 64-Bit Server VM (24.55-b03 mixed mode bsd-amd64 compressed oops)
# Problematic frame:
# V  [libjvm.dylib+0x33325c]
#
# Failed to write core dump. Core dumps have been disabled. To enable core dumping, try "ulimit -c unlimited" before starting Java again
#
# If you would like to submit a bug report, please visit:
#   http://bugreport.sun.com/bugreport/crash.jsp
#

---------------  T H R E A D  ---------------

Current thread (0x00007fa43302e000):  JavaThread "JDWP Transport Listener: dt_socket" daemon [_thread_in_vm, id=20227, stack(0x0000000119692000,0x0000000119792000)]

siginfo:si_signo=SIGSEGV: si_errno=0, si_code=0 (SEGV0), si_addr=0x0000000000000000

Registers:
RAX=0x0000000000000001, RBX=0x0000000119791a8b, RCX=0x00000000000fc080, RDX=0x0000000119791a8b
RSP=0x00000001197919f0, RBP=0x0000000119791a40, RSI=0x00007fa43302e000, RDI=0x00007fa431d02400
R8 =0x00007fa431e11b90, R9 =0x0000000000000000, R10=0x00000000dddd8aa8, R11=0x000000005d43e322
R12=0x00007fa43302e000, R13=0x76616a4c3b747369, R14=0x76616a4c3b747369, R15=0x00007fa431d02400
RIP=0x000000010993325c, EFLAGS=0x0000000000010206, ERR=0x0000000000000000
  TRAPNO=0x000000000000000d

Top of Stack: (sp=0x00000001197919f0)
0x00000001197919f0:   00007fa43302e000 0000000000000000
0x0000000119791a00:   0000000000000000 0000000000000000
0x0000000119791a10:   00007fa43302e000 00007fa43302e000
0x0000000119791a20:   0000000119791a8b 0000000119791a90
0x0000000119791a30:   76616a4c3b747369 000000000000000e
0x0000000119791a40:   0000000119791a60 000000010a0731f8
0x0000000119791a50:   0000000000000001 0000000119791b08
0x0000000119791a60:   0000000119791ad0 000000010a05802b
0x0000000119791a70:   0000000119791aa0 00007fa431e11d80
0x0000000119791a80:   0000000f00000032 0000000800791b08
0x0000000119791a90:   0000000000000000 0000000000000000
0x0000000119791aa0:   0000000000000000 0000000119791c90
0x0000000119791ab0:   000000010a07adc0 00007fa43401d380
0x0000000119791ac0:   0000000119791b08 000000010a086578
0x0000000119791ad0:   0000000119791ae0 000000010a058124
0x0000000119791ae0:   0000000119791d00 000000010a0616b2
0x0000000119791af0:   0001855700000013 00000000000f0200
0x0000000119791b00:   00007fa43400cb30 00007fa43302aed4
0x0000000119791b10:   00007fa40000088c 00007fa431e11ba0
0x0000000119791b20:   00007fa40000012c 0000000119791b58
0x0000000119791b30:   00007fa431e11bd0 00007f0000000000
0x0000000119791b40:   0001855700000913 00007fff00000e80
0x0000000119791b50:   0000000000000000 a47f00000f000000
0x0000000119791b60:   0600000058f4d231 00003e74696e693c
0x0000000119791b70:   0000005629280300 7f00000100000000
0x0000000119791b80:   0000000016e131a4 6353656e6f6c6317
0x0000000119791b90:   7269446972746e6f 7473694c69747465
0x0000000119791ba0:   616a4c2827000000 2f6c6974752f6176
0x0000000119791bb0:   6a4c293b7473694c 6c6974752f617661
0x0000000119791bc0:   694c79617272412f 28790000003b7473
0x0000000119791bd0:   74752f6176616a4c 3c7473694c2f6c69
0x0000000119791be0:   632f6c65646f6d4c 2f61697265746972 

Instructions: (pc=0x000000010993325c)
0x000000010993323c:   00 00 00 41 f6 87 68 01 00 00 10 75 07 b8 63 00
0x000000010993324c:   00 00 eb 7a 4d 85 f6 75 07 b8 17 00 00 00 eb 6e
0x000000010993325c:   4d 8b 36 48 b8 fe fe fe fe fe fe fe fe 49 39 c6
0x000000010993326c:   74 e7 4d 85 f6 74 e2 48 8d 05 16 fa 4c 00 80 38 

Register to memory mapping:

RAX=0x0000000000000001 is an unknown value
RBX=0x0000000119791a8b is pointing into the stack for thread: 0x00007fa43302e000
RCX=0x00000000000fc080 is an unknown value
RDX=0x0000000119791a8b is pointing into the stack for thread: 0x00007fa43302e000
RSP=0x00000001197919f0 is pointing into the stack for thread: 0x00007fa43302e000
RBP=0x0000000119791a40 is pointing into the stack for thread: 0x00007fa43302e000
RSI=0x00007fa43302e000 is a thread
RDI=0x00007fa431d02400 is an unknown value
R8 =0x00007fa431e11b90 is an unknown value
R9 =0x0000000000000000 is an unknown value
R10=0x00000000dddd8aa8 is an unknown value
R11=0x000000005d43e322 is an unknown value
R12=0x00007fa43302e000 is a thread
R13=0x76616a4c3b747369 is an unknown value
R14=0x76616a4c3b747369 is an unknown value
R15=0x00007fa431d02400 is an unknown value


Stack: [0x0000000119692000,0x0000000119792000],  sp=0x00000001197919f0,  free space=1022k
Native frames: (J=compiled Java code, j=interpreted, Vv=VM code, C=native code)
V  [libjvm.dylib+0x33325c]
C  [libjdwp.dylib+0x201f8]  isMethodSynthetic+0x63
C  [libjdwp.dylib+0x502b]  methods1+0x10b
C  [libjdwp.dylib+0x5124]  methodsWithGeneric+0xe
C  [libjdwp.dylib+0xe6b2]  debugLoop_run+0x1ce
C  [libjdwp.dylib+0x1f132]  attachThread+0x4d
V  [libjvm.dylib+0x373e7e]
V  [libjvm.dylib+0x4efb17]
V  [libjvm.dylib+0x4f121f]
V  [libjvm.dylib+0x41b14e]
C  [libsystem_pthread.dylib+0x1899]  _pthread_body+0x8a
C  [libsystem_pthread.dylib+0x172a]  _pthread_struct_init+0x0
C  [libsystem_pthread.dylib+0x5fc9]  thread_start+0xd


---------------  P R O C E S S  ---------------

Java Threads: ( => current thread )
  0x00007fa43501d000 JavaThread "Service Thread" daemon [_thread_blocked, id=22787, stack(0x0000000119ba1000,0x0000000119ca1000)]
  0x00007fa43501c800 JavaThread "C2 CompilerThread1" daemon [_thread_blocked, id=22275, stack(0x0000000119a9e000,0x0000000119b9e000)]
  0x00007fa435014000 JavaThread "C2 CompilerThread0" daemon [_thread_blocked, id=21763, stack(0x000000011999b000,0x0000000119a9b000)]
  0x00007fa43501b800 JavaThread "JDWP Command Reader" daemon [_thread_in_native, id=21251, stack(0x0000000119898000,0x0000000119998000)]
  0x00007fa43501b000 JavaThread "JDWP Event Helper Thread" daemon [_thread_blocked, id=20739, stack(0x0000000119795000,0x0000000119895000)]
=>0x00007fa43302e000 JavaThread "JDWP Transport Listener: dt_socket" daemon [_thread_in_vm, id=20227, stack(0x0000000119692000,0x0000000119792000)]
  0x00007fa435013000 JavaThread "Signal Dispatcher" daemon [_thread_blocked, id=19715, stack(0x0000000119589000,0x0000000119689000)]
  0x00007fa432819800 JavaThread "Finalizer" daemon [_thread_blocked, id=14595, stack(0x000000011933a000,0x000000011943a000)]
  0x00007fa432817000 JavaThread "Reference Handler" daemon [_thread_blocked, id=14083, stack(0x0000000119237000,0x0000000119337000)]
  0x00007fa432807000 JavaThread "main" [_thread_blocked, id=6403, stack(0x0000000108486000,0x0000000108586000)]

Other Threads:
  0x00007fa433024000 VMThread [stack: 0x0000000119134000,0x0000000119234000] [id=13571]
  0x00007fa43501e000 WatcherThread [stack: 0x0000000119ca4000,0x0000000119da4000] [id=23299]

VM state:not at safepoint (normal execution)

VM Mutex/Monitor currently owned by a thread: None

Heap
 PSYoungGen      total 76800K, used 2642K [0x00000007aaa80000, 0x00000007b0000000, 0x0000000800000000)
  eden space 66048K, 4% used [0x00000007aaa80000,0x00000007aad14828,0x00000007aeb00000)
  from space 10752K, 0% used [0x00000007af580000,0x00000007af580000,0x00000007b0000000)
  to   space 10752K, 0% used [0x00000007aeb00000,0x00000007aeb00000,0x00000007af580000)
 ParOldGen       total 174592K, used 0K [0x0000000700000000, 0x000000070aa80000, 0x00000007aaa80000)
  object space 174592K, 0% used [0x0000000700000000,0x0000000700000000,0x000000070aa80000)
 PSPermGen       total 21504K, used 2756K [0x00000006fae00000, 0x00000006fc300000, 0x0000000700000000)
  object space 21504K, 12% used [0x00000006fae00000,0x00000006fb0b13f0,0x00000006fc300000)

Card table byte_map: [0x000000010d150000,0x000000010d97a000] byte_map_base: 0x0000000109979000

Polling page: 0x00000001085c5000

Code Cache  [0x000000010a090000, 0x000000010a300000, 0x000000010d090000)
 total_blobs=182 nmethods=7 adapters=138 free_code_cache=48761Kb largest_free_block=49912000

Compilation events (10 events):
Event: 0.167 Thread 0x00007fa43501c800    3             sun.nio.cs.UTF_8$Encoder::encode (361 bytes)
Event: 0.170 Thread 0x00007fa435014000    4             java.lang.String::charAt (29 bytes)
Event: 0.172 Thread 0x00007fa435014000 nmethod 4 0x000000010a0ef650 code [0x000000010a0ef7a0, 0x000000010a0ef898]
Event: 0.175 Thread 0x00007fa435014000    5             java.io.UnixFileSystem::normalize (75 bytes)
Event: 0.176 Thread 0x00007fa43501c800 nmethod 3 0x000000010a0ee990 code [0x000000010a0eeb20, 0x000000010a0ef208]
Event: 0.178 Thread 0x00007fa435014000 nmethod 5 0x000000010a0f26d0 code [0x000000010a0f2840, 0x000000010a0f2b18]
Event: 0.189 Thread 0x00007fa43501c800    6             java.lang.String::lastIndexOf (52 bytes)
Event: 0.191 Thread 0x00007fa435014000    7             java.lang.String::indexOf (166 bytes)
Event: 0.191 Thread 0x00007fa43501c800 nmethod 6 0x000000010a0f1e90 code [0x000000010a0f1fe0, 0x000000010a0f2188]
Event: 0.198 Thread 0x00007fa435014000 nmethod 7 0x000000010a0f1550 code [0x000000010a0f16a0, 0x000000010a0f1b98]

GC Heap History (0 events):
No events

Deoptimization events (0 events):
No events

Internal exceptions (10 events):
Event: 0.189 Thread 0x00007fa432807000 Threw 0x00000007aab82750 at /HUDSON/workspace/7u-2-build-macosx-x86_64/jdk7u55/869/hotspot/src/share/vm/prims/jvm.cpp:1244
Event: 0.190 Thread 0x00007fa432807000 Threw 0x00000007aab86340 at /HUDSON/workspace/7u-2-build-macosx-x86_64/jdk7u55/869/hotspot/src/share/vm/prims/jvm.cpp:1244
Event: 0.190 Thread 0x00007fa432807000 Threw 0x00000007aab8a2b8 at /HUDSON/workspace/7u-2-build-macosx-x86_64/jdk7u55/869/hotspot/src/share/vm/prims/jvm.cpp:1244
Event: 0.191 Thread 0x00007fa432807000 Threw 0x00000007aab8e2b8 at /HUDSON/workspace/7u-2-build-macosx-x86_64/jdk7u55/869/hotspot/src/share/vm/prims/jvm.cpp:1244
Event: 0.191 Thread 0x00007fa432807000 Threw 0x00000007aab921d0 at /HUDSON/workspace/7u-2-build-macosx-x86_64/jdk7u55/869/hotspot/src/share/vm/prims/jvm.cpp:1244
Event: 0.192 Thread 0x00007fa432807000 Threw 0x00000007aab96020 at /HUDSON/workspace/7u-2-build-macosx-x86_64/jdk7u55/869/hotspot/src/share/vm/prims/jvm.cpp:1244
Event: 0.192 Thread 0x00007fa432807000 Threw 0x00000007aab99ec0 at /HUDSON/workspace/7u-2-build-macosx-x86_64/jdk7u55/869/hotspot/src/share/vm/prims/jvm.cpp:1244
Event: 0.193 Thread 0x00007fa432807000 Threw 0x00000007aab9e1e8 at /HUDSON/workspace/7u-2-build-macosx-x86_64/jdk7u55/869/hotspot/src/share/vm/prims/jvm.cpp:1244
Event: 28.331 Thread 0x00007fa432807000 Threw 0x00000007aaba5380 at /HUDSON/workspace/7u-2-build-macosx-x86_64/jdk7u55/869/hotspot/src/share/vm/prims/jvm.cpp:1244
Event: 28.332 Thread 0x00007fa432807000 Threw 0x00000007aaba91f8 at /HUDSON/workspace/7u-2-build-macosx-x86_64/jdk7u55/869/hotspot/src/share/vm/prims/jvm.cpp:1244

Events (10 events):
Event: 1205.871 Executing VM operation: ChangeBreakpoints
Event: 1205.871 Executing VM operation: ChangeBreakpoints done
Event: 1210.428 Executing VM operation: ChangeBreakpoints
Event: 1210.428 Executing VM operation: ChangeBreakpoints done
Event: 1210.575 Executing VM operation: ChangeBreakpoints
Event: 1210.576 Executing VM operation: ChangeBreakpoints done
Event: 1285.232 Executing VM operation: ChangeBreakpoints
Event: 1285.232 Executing VM operation: ChangeBreakpoints done
Event: 1285.245 Executing VM operation: RedefineClasses
Event: 1285.245 Executing VM operation: RedefineClasses done


Dynamic libraries:
0x00000000047e1000 	/System/Library/Frameworks/Cocoa.framework/Versions/A/Cocoa
0x00000000047e1000 	/System/Library/Frameworks/Security.framework/Versions/A/Security
0x00000000047e1000 	/System/Library/Frameworks/ApplicationServices.framework/Versions/A/ApplicationServices
0x00000000047e1000 	/usr/lib/libz.1.dylib
0x00000000047e1000 	/usr/lib/libSystem.B.dylib
0x00000000047e1000 	/usr/lib/libobjc.A.dylib
0x00000000047e1000 	/System/Library/Frameworks/CoreFoundation.framework/Versions/A/CoreFoundation
0x00000000047e1000 	/System/Library/Frameworks/Foundation.framework/Versions/C/Foundation
0x00000000047e1000 	/System/Library/Frameworks/AppKit.framework/Versions/C/AppKit
0x00000000047e1000 	/System/Library/Frameworks/CoreData.framework/Versions/A/CoreData
0x00000000047e1000 	/System/Library/PrivateFrameworks/RemoteViewServices.framework/Versions/A/RemoteViewServices
0x00000000047e1000 	/System/Library/Frameworks/AudioToolbox.framework/Versions/A/AudioToolbox
0x00000000047e1000 	/System/Library/Frameworks/AudioUnit.framework/Versions/A/AudioUnit
0x00000000047e1000 	/System/Library/PrivateFrameworks/DataDetectorsCore.framework/Versions/A/DataDetectorsCore
0x00000000047e1000 	/System/Library/PrivateFrameworks/DesktopServicesPriv.framework/Versions/A/DesktopServicesPriv
0x00000000047e1000 	/System/Library/Frameworks/Carbon.framework/Versions/A/Frameworks/HIToolbox.framework/Versions/A/HIToolbox
0x00000000047e1000 	/System/Library/Frameworks/QuartzCore.framework/Versions/A/QuartzCore
0x00000000047e1000 	/System/Library/Frameworks/Carbon.framework/Versions/A/Frameworks/SpeechRecognition.framework/Versions/A/SpeechRecognition
0x00000000047e1000 	/usr/lib/libauto.dylib
0x00000000047e1000 	/usr/lib/libicucore.A.dylib
0x00000000047e1000 	/usr/lib/libxml2.2.dylib
0x00000000047e1000 	/System/Library/PrivateFrameworks/CoreUI.framework/Versions/A/CoreUI
0x00000000047e1000 	/System/Library/Frameworks/CoreAudio.framework/Versions/A/CoreAudio
0x00000000047e1000 	/System/Library/Frameworks/DiskArbitration.framework/Versions/A/DiskArbitration
0x00000000047e1000 	/usr/lib/liblangid.dylib
0x00000000047e1000 	/System/Library/PrivateFrameworks/MultitouchSupport.framework/Versions/A/MultitouchSupport
0x00000000047e1000 	/System/Library/Frameworks/IOKit.framework/Versions/A/IOKit
0x00000000047e1000 	/usr/lib/libDiagnosticMessagesClient.dylib
0x00000000047e1000 	/System/Library/Frameworks/CoreServices.framework/Versions/A/CoreServices
0x00000000047e1000 	/System/Library/PrivateFrameworks/PerformanceAnalysis.framework/Versions/A/PerformanceAnalysis
0x00000000047e1000 	/System/Library/PrivateFrameworks/GenerationalStorage.framework/Versions/A/GenerationalStorage
0x00000000047e1000 	/System/Library/Frameworks/OpenGL.framework/Versions/A/OpenGL
0x00000000047e1000 	/System/Library/PrivateFrameworks/Sharing.framework/Versions/A/Sharing
0x00000000047e1000 	/System/Library/Frameworks/ImageIO.framework/Versions/A/ImageIO
0x00000000047e1000 	/System/Library/Frameworks/CoreText.framework/Versions/A/CoreText
0x00000000047e1000 	/System/Library/Frameworks/CoreGraphics.framework/Versions/A/CoreGraphics
0x00000000047e1000 	/System/Library/PrivateFrameworks/Backup.framework/Versions/A/Backup
0x00000000047e1000 	/System/Library/Frameworks/CFNetwork.framework/Versions/A/CFNetwork
0x00000000047e1000 	/System/Library/Frameworks/SystemConfiguration.framework/Versions/A/SystemConfiguration
0x00000000047e1000 	/usr/lib/libCRFSuite.dylib
0x00000000047e1000 	/usr/lib/libc++.1.dylib
0x00000000047e1000 	/usr/lib/libc++abi.dylib
0x00000000047e1000 	/usr/lib/system/libcache.dylib
0x00000000047e1000 	/usr/lib/system/libcommonCrypto.dylib
0x00000000047e1000 	/usr/lib/system/libcompiler_rt.dylib
0x00000000047e1000 	/usr/lib/system/libcopyfile.dylib
0x00000000047e1000 	/usr/lib/system/libcorecrypto.dylib
0x00000000047e1000 	/usr/lib/system/libdispatch.dylib
0x00000000047e1000 	/usr/lib/system/libdyld.dylib
0x00000000047e1000 	/usr/lib/system/libkeymgr.dylib
0x00000000047e1000 	/usr/lib/system/liblaunch.dylib
0x00000000047e1000 	/usr/lib/system/libmacho.dylib
0x00000000047e1000 	/usr/lib/system/libquarantine.dylib
0x00000000047e1000 	/usr/lib/system/libremovefile.dylib
0x00000000047e1000 	/usr/lib/system/libsystem_asl.dylib
0x00000000047e1000 	/usr/lib/system/libsystem_blocks.dylib
0x00000000047e1000 	/usr/lib/system/libsystem_c.dylib
0x00000000047e1000 	/usr/lib/system/libsystem_configuration.dylib
0x00000000047e1000 	/usr/lib/system/libsystem_dnssd.dylib
0x00000000047e1000 	/usr/lib/system/libsystem_info.dylib
0x00000000047e1000 	/usr/lib/system/libsystem_kernel.dylib
0x00000000047e1000 	/usr/lib/system/libsystem_m.dylib
0x00000000047e1000 	/usr/lib/system/libsystem_malloc.dylib
0x00000000047e1000 	/usr/lib/system/libsystem_network.dylib
0x00000000047e1000 	/usr/lib/system/libsystem_notify.dylib
0x00000000047e1000 	/usr/lib/system/libsystem_platform.dylib
0x00000000047e1000 	/usr/lib/system/libsystem_pthread.dylib
0x00000000047e1000 	/usr/lib/system/libsystem_sandbox.dylib
0x00000000047e1000 	/usr/lib/system/libsystem_stats.dylib
0x00000000047e1000 	/usr/lib/system/libunc.dylib
0x00000000047e1000 	/usr/lib/system/libunwind.dylib
0x00000000047e1000 	/usr/lib/system/libxpc.dylib
0x00000000047e1000 	/usr/lib/libbsm.0.dylib
0x00000000047e1000 	/usr/lib/libsqlite3.dylib
0x00000000047e1000 	/usr/lib/libxar.1.dylib
0x00000000047e1000 	/usr/lib/libpam.2.dylib
0x00000000047e1000 	/usr/lib/libOpenScriptingUtil.dylib
0x00000000047e1000 	/usr/lib/libbz2.1.0.dylib
0x00000000047e1000 	/System/Library/Frameworks/CoreServices.framework/Versions/A/Frameworks/CarbonCore.framework/Versions/A/CarbonCore
0x00000000047e1000 	/System/Library/Frameworks/CoreServices.framework/Versions/A/Frameworks/Metadata.framework/Versions/A/Metadata
0x00000000047e1000 	/System/Library/Frameworks/CoreServices.framework/Versions/A/Frameworks/OSServices.framework/Versions/A/OSServices
0x00000000047e1000 	/System/Library/Frameworks/CoreServices.framework/Versions/A/Frameworks/SearchKit.framework/Versions/A/SearchKit
0x00000000047e1000 	/System/Library/Frameworks/CoreServices.framework/Versions/A/Frameworks/AE.framework/Versions/A/AE
0x00000000047e1000 	/System/Library/Frameworks/CoreServices.framework/Versions/A/Frameworks/LaunchServices.framework/Versions/A/LaunchServices
0x00000000047e1000 	/System/Library/Frameworks/CoreServices.framework/Versions/A/Frameworks/DictionaryServices.framework/Versions/A/DictionaryServices
0x00000000047e1000 	/System/Library/Frameworks/NetFS.framework/Versions/A/NetFS
0x00000000047e1000 	/usr/lib/system/libkxld.dylib
0x00000000047e1000 	/System/Library/PrivateFrameworks/NetAuth.framework/Versions/A/NetAuth
0x00000000047e1000 	/System/Library/PrivateFrameworks/TCC.framework/Versions/A/TCC
0x00000000047e1000 	/System/Library/Frameworks/OpenDirectory.framework/Versions/A/Frameworks/CFOpenDirectory.framework/Versions/A/CFOpenDirectory
0x00000000047e1000 	/System/Library/Frameworks/ServiceManagement.framework/Versions/A/ServiceManagement
0x00000000047e1000 	/usr/lib/libxslt.1.dylib
0x00000000047e1000 	/System/Library/Frameworks/Carbon.framework/Versions/A/Frameworks/Ink.framework/Versions/A/Ink
0x00000000047e1000 	/System/Library/Frameworks/ApplicationServices.framework/Versions/A/Frameworks/ATS.framework/Versions/A/ATS
0x00000000047e1000 	/System/Library/Frameworks/ApplicationServices.framework/Versions/A/Frameworks/ColorSync.framework/Versions/A/ColorSync
0x00000000047e1000 	/System/Library/Frameworks/ApplicationServices.framework/Versions/A/Frameworks/HIServices.framework/Versions/A/HIServices
0x00000000047e1000 	/System/Library/Frameworks/ApplicationServices.framework/Versions/A/Frameworks/LangAnalysis.framework/Versions/A/LangAnalysis
0x00000000047e1000 	/System/Library/Frameworks/ApplicationServices.framework/Versions/A/Frameworks/PrintCore.framework/Versions/A/PrintCore
0x00000000047e1000 	/System/Library/Frameworks/ApplicationServices.framework/Versions/A/Frameworks/QD.framework/Versions/A/QD
0x00000000047e1000 	/System/Library/Frameworks/ApplicationServices.framework/Versions/A/Frameworks/SpeechSynthesis.framework/Versions/A/SpeechSynthesis
0x00000000047e1000 	/System/Library/Frameworks/IOSurface.framework/Versions/A/IOSurface
0x00000000047e1000 	/System/Library/Frameworks/Accelerate.framework/Versions/A/Accelerate
0x00000000047e1000 	/System/Library/Frameworks/Accelerate.framework/Versions/A/Frameworks/vImage.framework/Versions/A/vImage
0x00000000047e1000 	/System/Library/Frameworks/Accelerate.framework/Versions/A/Frameworks/vecLib.framework/Versions/A/vecLib
0x00000000047e1000 	/System/Library/Frameworks/Accelerate.framework/Versions/A/Frameworks/vecLib.framework/Versions/A/libvDSP.dylib
0x00000000047e1000 	/System/Library/Frameworks/Accelerate.framework/Versions/A/Frameworks/vecLib.framework/Versions/A/libvMisc.dylib
0x00000000047e1000 	/System/Library/Frameworks/Accelerate.framework/Versions/A/Frameworks/vecLib.framework/Versions/A/libLAPACK.dylib
0x00000000047e1000 	/System/Library/Frameworks/Accelerate.framework/Versions/A/Frameworks/vecLib.framework/Versions/A/libBLAS.dylib
0x00000000047e1000 	/System/Library/Frameworks/ApplicationServices.framework/Versions/A/Frameworks/ATS.framework/Versions/A/Resources/libFontParser.dylib
0x00000000047e1000 	/System/Library/Frameworks/ApplicationServices.framework/Versions/A/Frameworks/ATS.framework/Versions/A/Resources/libFontRegistry.dylib
0x00000000047e1000 	/System/Library/Frameworks/ImageIO.framework/Versions/A/Resources/libJPEG.dylib
0x00000000047e1000 	/System/Library/Frameworks/ImageIO.framework/Versions/A/Resources/libTIFF.dylib
0x00000000047e1000 	/System/Library/Frameworks/ImageIO.framework/Versions/A/Resources/libPng.dylib
0x00000000047e1000 	/System/Library/Frameworks/ImageIO.framework/Versions/A/Resources/libGIF.dylib
0x00000000047e1000 	/System/Library/Frameworks/ImageIO.framework/Versions/A/Resources/libJP2.dylib
0x00000000047e1000 	/System/Library/Frameworks/ImageIO.framework/Versions/A/Resources/libRadiance.dylib
0x00000000047e1000 	/usr/lib/libcups.2.dylib
0x00000000047e1000 	/System/Library/Frameworks/Kerberos.framework/Versions/A/Kerberos
0x00000000047e1000 	/System/Library/Frameworks/GSS.framework/Versions/A/GSS
0x00000000047e1000 	/usr/lib/libresolv.9.dylib
0x00000000047e1000 	/usr/lib/libiconv.2.dylib
0x00000000047e1000 	/System/Library/PrivateFrameworks/Heimdal.framework/Versions/A/Heimdal
0x00000000047e1000 	/System/Library/PrivateFrameworks/TrustEvaluationAgent.framework/Versions/A/TrustEvaluationAgent
0x00000000047e1000 	/usr/lib/libheimdal-asn1.dylib
0x00000000047e1000 	/System/Library/Frameworks/OpenDirectory.framework/Versions/A/OpenDirectory
0x00000000047e1000 	/System/Library/PrivateFrameworks/CommonAuth.framework/Versions/A/CommonAuth
0x00000000047e1000 	/System/Library/Frameworks/SecurityFoundation.framework/Versions/A/SecurityFoundation
0x00000000047e1000 	/System/Library/PrivateFrameworks/Bom.framework/Versions/A/Bom
0x00000000047e1000 	/System/Library/Frameworks/CoreVideo.framework/Versions/A/CoreVideo
0x00000000047e1000 	/System/Library/Frameworks/QuartzCore.framework/Versions/A/Frameworks/CoreImage.framework/Versions/A/CoreImage
0x00000000047e1000 	/System/Library/Frameworks/QuartzCore.framework/Versions/A/Frameworks/ScalableUserInterface.framework/Versions/A/ScalableUserInterface
0x00000000047e1000 	/System/Library/Frameworks/OpenGL.framework/Versions/A/Libraries/libGLU.dylib
0x00000000047e1000 	/System/Library/Frameworks/OpenGL.framework/Versions/A/Libraries/libGFXShared.dylib
0x00000000047e1000 	/System/Library/Frameworks/OpenGL.framework/Versions/A/Libraries/libGL.dylib
0x00000000047e1000 	/System/Library/Frameworks/OpenGL.framework/Versions/A/Libraries/libGLImage.dylib
0x00000000047e1000 	/System/Library/Frameworks/OpenGL.framework/Versions/A/Libraries/libCVMSPluginSupport.dylib
0x00000000047e1000 	/System/Library/Frameworks/OpenGL.framework/Versions/A/Libraries/libCoreVMClient.dylib
0x00000000047e1000 	/System/Library/PrivateFrameworks/FaceCore.framework/Versions/A/FaceCore
0x00000000047e1000 	/System/Library/PrivateFrameworks/CrashReporterSupport.framework/Versions/A/CrashReporterSupport
0x00000000047e1000 	/System/Library/Frameworks/OpenCL.framework/Versions/A/OpenCL
0x00000000047e1000 	/System/Library/PrivateFrameworks/AppleFSCompression.framework/Versions/A/AppleFSCompression
0x00000000047e1000 	/System/Library/PrivateFrameworks/Ubiquity.framework/Versions/A/Ubiquity
0x00000000047e1000 	/System/Library/PrivateFrameworks/IconServices.framework/Versions/A/IconServices
0x00000000047e1000 	/System/Library/PrivateFrameworks/ChunkingLibrary.framework/Versions/A/ChunkingLibrary
0x00000000047e1000 	/System/Library/PrivateFrameworks/CoreSymbolication.framework/Versions/A/CoreSymbolication
0x00000000047e1000 	/System/Library/PrivateFrameworks/Symbolication.framework/Versions/A/Symbolication
0x00000000047e1000 	/System/Library/PrivateFrameworks/DebugSymbols.framework/Versions/A/DebugSymbols
0x0000000109600000 	/Library/Java/JavaVirtualMachines/jdk1.7.0_55.jdk/Contents/Home/jre/lib/server/libjvm.dylib
0x00000000047e1000 	/usr/lib/libstdc++.6.dylib
0x0000000108588000 	/Library/Java/JavaVirtualMachines/jdk1.7.0_55.jdk/Contents/Home/jre/lib/libverify.dylib
0x0000000108595000 	/Library/Java/JavaVirtualMachines/jdk1.7.0_55.jdk/Contents/Home/jre/lib/libjava.dylib
0x000000010a053000 	/Library/Java/JavaVirtualMachines/jdk1.7.0_55.jdk/Contents/Home/jre/lib/libjdwp.dylib
0x00000001085c6000 	/Library/Java/JavaVirtualMachines/jdk1.7.0_55.jdk/Contents/Home/jre/lib/libnpt.dylib
0x00000001085d3000 	/Library/Java/JavaVirtualMachines/jdk1.7.0_55.jdk/Contents/Home/jre/lib/libzip.dylib
0x000000011943c000 	/System/Library/Frameworks/JavaVM.framework/Frameworks/JavaRuntimeSupport.framework/JavaRuntimeSupport
0x0000000119454000 	/System/Library/Frameworks/JavaVM.framework/Versions/A/Frameworks/JavaNativeFoundation.framework/Versions/A/JavaNativeFoundation
0x0000000119469000 	/System/Library/Frameworks/JavaVM.framework/Versions/A/JavaVM
0x00000000047e1000 	/System/Library/Frameworks/Carbon.framework/Versions/A/Carbon
0x0000000119476000 	/System/Library/PrivateFrameworks/JavaLaunching.framework/Versions/A/JavaLaunching
0x00000000047e1000 	/System/Library/Frameworks/Carbon.framework/Versions/A/Frameworks/CommonPanels.framework/Versions/A/CommonPanels
0x00000000047e1000 	/System/Library/Frameworks/Carbon.framework/Versions/A/Frameworks/Help.framework/Versions/A/Help
0x00000000047e1000 	/System/Library/Frameworks/Carbon.framework/Versions/A/Frameworks/ImageCapture.framework/Versions/A/ImageCapture
0x00000000047e1000 	/System/Library/Frameworks/Carbon.framework/Versions/A/Frameworks/OpenScripting.framework/Versions/A/OpenScripting
0x00000000047e1000 	/System/Library/Frameworks/Carbon.framework/Versions/A/Frameworks/Print.framework/Versions/A/Print
0x00000000047e1000 	/System/Library/Frameworks/Carbon.framework/Versions/A/Frameworks/SecurityHI.framework/Versions/A/SecurityHI
0x000000011968b000 	/Library/Java/JavaVirtualMachines/jdk1.7.0_55.jdk/Contents/Home/jre/lib/libdt_socket.dylib

VM Arguments:
jvm_args: -agentlib:jdwp=transport=dt_socket,address=127.0.0.1:49884,suspend=y,server=n -Dfile.encoding=UTF-8 
java_command: main.PrevisionCalculator
Launcher Type: SUN_STANDARD

Environment Variables:
PATH=/Users/Berserk/Documents/Work/MongoDB/mongodb-osx-x86_64-2.4.10/bin:/Users/Berserk/.npm-packages/bin:/usr/bin:/bin:/usr/sbin:/sbin:/usr/local/bin
SHELL=/bin/bash

Signal Handlers:
SIGSEGV: [libjvm.dylib+0x5253e5], sa_mask[0]=0xfffefeff, sa_flags=0x00000043
SIGBUS: [libjvm.dylib+0x5253e5], sa_mask[0]=0xfffefeff, sa_flags=0x00000042
SIGFPE: [libjvm.dylib+0x4188a2], sa_mask[0]=0xfffefeff, sa_flags=0x00000042
SIGPIPE: [libjvm.dylib+0x4188a2], sa_mask[0]=0xfffefeff, sa_flags=0x00000042
SIGXFSZ: [libjvm.dylib+0x4188a2], sa_mask[0]=0xfffefeff, sa_flags=0x00000042
SIGILL: [libjvm.dylib+0x4188a2], sa_mask[0]=0xfffefeff, sa_flags=0x00000042
SIGUSR1: SIG_DFL, sa_mask[0]=0x00000000, sa_flags=0x00000002
SIGUSR2: [libjvm.dylib+0x418394], sa_mask[0]=0x00000004, sa_flags=0x00000042
SIGHUP: [libjvm.dylib+0x416623], sa_mask[0]=0xfffefeff, sa_flags=0x00000042
SIGINT: [libjvm.dylib+0x416623], sa_mask[0]=0xfffefeff, sa_flags=0x00000042
SIGTERM: [libjvm.dylib+0x416623], sa_mask[0]=0xfffefeff, sa_flags=0x00000042
SIGQUIT: [libjvm.dylib+0x416623], sa_mask[0]=0xfffefeff, sa_flags=0x00000042


---------------  S Y S T E M  ---------------

OS:Bsduname:Darwin 13.0.0 Darwin Kernel Version 13.0.0: Thu Sep 19 22:22:27 PDT 2013; root:xnu-2422.1.72~6/RELEASE_X86_64 x86_64
rlimit: STACK 8192k, CORE 0k, NPROC 709, NOFILE 10240, AS infinity
load average:2.98 2.78 2.71

CPU:total 8 (4 cores per cpu, 2 threads per core) family 6 model 58 stepping 9, cmov, cx8, fxsr, mmx, sse, sse2, sse3, ssse3, sse4.1, sse4.2, popcnt, avx, aes, erms, ht, tsc, tscinvbit, tscinv

Memory: 4k page, physical 16777216k(4194304k free)

/proc/meminfo:


vm_info: Java HotSpot(TM) 64-Bit Server VM (24.55-b03) for bsd-amd64 JRE (1.7.0_55-b13), built on Mar 17 2014 19:40:08 by "java_re" with gcc 4.2.1 (Based on Apple Inc. build 5658) (LLVM build 2336.11.00)

time: Sun May 10 02:31:13 2015
elapsed time: 1285 seconds

